21:35:54 INFO  : Registering command handlers for SDK TCF services
21:35:54 INFO  : Launching XSCT server: xsct.bat -interactive D:\projects\github\mrunmoy\fpga\led_pmod\led_pmod.sdk\temp_xsdb_launch_script.tcl
21:35:56 INFO  : XSCT server has started successfully.
21:35:58 INFO  : Successfully done setting XSCT server connection channel  
21:35:58 INFO  : Processing command line option -hwspec D:/projects/github/mrunmoy/fpga/led_pmod/led_pmod.sdk/design_1_wrapper.hdf.
21:35:58 INFO  : Successfully done setting SDK workspace  
21:42:39 INFO  : Connected to target on host '127.0.0.1' and port '3121'.
21:42:41 INFO  : 'targets -set -filter {jtag_cable_name =~ "Digilent Basys3 210183AA1159A" && level==0} -index 0' command is executed.
21:42:43 INFO  : FPGA configured successfully with bitstream "D:/projects/github/mrunmoy/fpga/led_pmod/led_pmod.sdk/design_1_wrapper_hw_platform_0/download.bit"
21:43:42 INFO  : 'targets -set -filter {jtag_cable_name =~ "Digilent Basys3 210183AA1159A" && level==0} -index 0' command is executed.
21:43:42 INFO  : 'fpga -state' command is executed.
21:43:42 INFO  : Connected to target on host '127.0.0.1' and port '3121'.
21:43:42 INFO  : Jtag cable 'Digilent Basys3 210183AA1159A' is selected.
21:43:42 INFO  : 'jtag frequency' command is executed.
21:43:42 INFO  : 'configparams mdm-detect-bscan-mask 2' command is executed.
21:43:42 INFO  : Context for processor 'microblaze_0' is selected.
21:43:42 INFO  : Processor reset is completed for 'microblaze_0'.
21:43:42 INFO  : Context for processor 'microblaze_0' is selected.
21:43:42 INFO  : The application 'D:/projects/github/mrunmoy/fpga/led_pmod/led_pmod.sdk/mblaze_led_pmod/Debug/mblaze_led_pmod.elf' is downloaded to processor 'microblaze_0'.
21:43:42 INFO  : ----------------XSDB Script----------------
connect -url tcp:127.0.0.1:3121
configparams mdm-detect-bscan-mask 2
targets -set -nocase -filter {name =~ "microblaze*#0" && bscan=="USER2"  && jtag_cable_name =~ "Digilent Basys3 210183AA1159A"} -index 0
rst -processor
targets -set -nocase -filter {name =~ "microblaze*#0" && bscan=="USER2"  && jtag_cable_name =~ "Digilent Basys3 210183AA1159A"} -index 0
dow D:/projects/github/mrunmoy/fpga/led_pmod/led_pmod.sdk/mblaze_led_pmod/Debug/mblaze_led_pmod.elf
----------------End of Script----------------

21:43:43 INFO  : Memory regions updated for context PA
21:43:43 INFO  : Memory regions updated for context PA
21:43:43 INFO  : Context for processor 'microblaze_0' is selected.
21:43:43 INFO  : 'con' command is executed.
21:43:43 INFO  : ----------------XSDB Script (After Launch)----------------
targets -set -nocase -filter {name =~ "microblaze*#0" && bscan=="USER2"  && jtag_cable_name =~ "Digilent Basys3 210183AA1159A"} -index 0
con
----------------End of Script----------------

21:43:43 INFO  : Launch script is exported to file 'D:\projects\github\mrunmoy\fpga\led_pmod\led_pmod.sdk\.sdk\launch_scripts\xilinx_c-c++_application_(system_debugger)\system_debugger_using_debug_mblaze_led_pmod.elf_on_local.tcl'
21:56:13 INFO  : Connected to target on host '127.0.0.1' and port '3121'.
21:56:13 INFO  : 'targets -set -filter {jtag_cable_name =~ "Digilent Basys3 210183AA1159A" && level==0} -index 0' command is executed.
21:56:14 INFO  : FPGA configured successfully with bitstream "D:/projects/github/mrunmoy/fpga/led_pmod/led_pmod.sdk/design_1_wrapper_hw_platform_0/download.bit"
21:56:27 INFO  : Disconnected from the channel tcfchan#1.
21:56:28 INFO  : 'targets -set -filter {jtag_cable_name =~ "Digilent Basys3 210183AA1159A" && level==0} -index 0' command is executed.
21:56:28 INFO  : 'fpga -state' command is executed.
21:56:28 INFO  : Connected to target on host '127.0.0.1' and port '3121'.
21:56:28 INFO  : Jtag cable 'Digilent Basys3 210183AA1159A' is selected.
21:56:28 INFO  : 'jtag frequency' command is executed.
21:56:28 INFO  : 'configparams mdm-detect-bscan-mask 2' command is executed.
21:56:28 INFO  : Context for processor 'microblaze_0' is selected.
21:56:28 INFO  : Processor reset is completed for 'microblaze_0'.
21:56:28 INFO  : Context for processor 'microblaze_0' is selected.
21:56:28 INFO  : The application 'D:/projects/github/mrunmoy/fpga/led_pmod/led_pmod.sdk/mblaze_led_pmod/Debug/mblaze_led_pmod.elf' is downloaded to processor 'microblaze_0'.
21:56:28 INFO  : ----------------XSDB Script----------------
connect -url tcp:127.0.0.1:3121
configparams mdm-detect-bscan-mask 2
targets -set -nocase -filter {name =~ "microblaze*#0" && bscan=="USER2"  && jtag_cable_name =~ "Digilent Basys3 210183AA1159A"} -index 0
rst -processor
targets -set -nocase -filter {name =~ "microblaze*#0" && bscan=="USER2"  && jtag_cable_name =~ "Digilent Basys3 210183AA1159A"} -index 0
dow D:/projects/github/mrunmoy/fpga/led_pmod/led_pmod.sdk/mblaze_led_pmod/Debug/mblaze_led_pmod.elf
----------------End of Script----------------

21:56:28 INFO  : Memory regions updated for context PA
21:56:28 INFO  : Memory regions updated for context PA
21:56:28 INFO  : Context for processor 'microblaze_0' is selected.
21:56:28 INFO  : 'con' command is executed.
21:56:28 INFO  : ----------------XSDB Script (After Launch)----------------
targets -set -nocase -filter {name =~ "microblaze*#0" && bscan=="USER2"  && jtag_cable_name =~ "Digilent Basys3 210183AA1159A"} -index 0
con
----------------End of Script----------------

21:56:28 INFO  : Launch script is exported to file 'D:\projects\github\mrunmoy\fpga\led_pmod\led_pmod.sdk\.sdk\launch_scripts\xilinx_c-c++_application_(system_debugger)\system_debugger_using_debug_mblaze_led_pmod.elf_on_local.tcl'
21:58:53 INFO  : Connected to target on host '127.0.0.1' and port '3121'.
21:58:54 INFO  : 'targets -set -filter {jtag_cable_name =~ "Digilent Basys3 210183AA1159A" && level==0} -index 0' command is executed.
21:58:55 INFO  : FPGA configured successfully with bitstream "D:/projects/github/mrunmoy/fpga/led_pmod/led_pmod.sdk/design_1_wrapper_hw_platform_0/download.bit"
21:59:04 INFO  : Disconnected from the channel tcfchan#2.
21:59:05 INFO  : 'targets -set -filter {jtag_cable_name =~ "Digilent Basys3 210183AA1159A" && level==0} -index 0' command is executed.
21:59:05 INFO  : 'fpga -state' command is executed.
21:59:05 INFO  : Connected to target on host '127.0.0.1' and port '3121'.
21:59:06 INFO  : Jtag cable 'Digilent Basys3 210183AA1159A' is selected.
21:59:06 INFO  : 'jtag frequency' command is executed.
21:59:06 INFO  : 'configparams mdm-detect-bscan-mask 2' command is executed.
21:59:06 INFO  : Context for processor 'microblaze_0' is selected.
21:59:06 INFO  : Processor reset is completed for 'microblaze_0'.
21:59:06 INFO  : Context for processor 'microblaze_0' is selected.
21:59:06 INFO  : The application 'D:/projects/github/mrunmoy/fpga/led_pmod/led_pmod.sdk/mblaze_led_pmod/Debug/mblaze_led_pmod.elf' is downloaded to processor 'microblaze_0'.
21:59:06 INFO  : ----------------XSDB Script----------------
connect -url tcp:127.0.0.1:3121
configparams mdm-detect-bscan-mask 2
targets -set -nocase -filter {name =~ "microblaze*#0" && bscan=="USER2"  && jtag_cable_name =~ "Digilent Basys3 210183AA1159A"} -index 0
rst -processor
targets -set -nocase -filter {name =~ "microblaze*#0" && bscan=="USER2"  && jtag_cable_name =~ "Digilent Basys3 210183AA1159A"} -index 0
dow D:/projects/github/mrunmoy/fpga/led_pmod/led_pmod.sdk/mblaze_led_pmod/Debug/mblaze_led_pmod.elf
----------------End of Script----------------

21:59:06 INFO  : Memory regions updated for context PA
21:59:06 INFO  : Memory regions updated for context PA
21:59:06 INFO  : Context for processor 'microblaze_0' is selected.
21:59:06 INFO  : 'con' command is executed.
21:59:06 INFO  : ----------------XSDB Script (After Launch)----------------
targets -set -nocase -filter {name =~ "microblaze*#0" && bscan=="USER2"  && jtag_cable_name =~ "Digilent Basys3 210183AA1159A"} -index 0
con
----------------End of Script----------------

21:59:06 INFO  : Launch script is exported to file 'D:\projects\github\mrunmoy\fpga\led_pmod\led_pmod.sdk\.sdk\launch_scripts\xilinx_c-c++_application_(system_debugger)\system_debugger_using_debug_mblaze_led_pmod.elf_on_local.tcl'
22:05:02 INFO  : Disconnected from the channel tcfchan#3.
